<?xml version="1.0" encoding="UTF-8"?>
<testsuite name="TestsTreiberStack" tests="2" skipped="0" failures="2" errors="0" timestamp="2024-05-23T00:08:16" hostname="LAPTOP-4GT1SVLV" time="5.0">
  <properties/>
  <testcase name="stressTest()" classname="TestsTreiberStack" time="2.936">
    <failure message="org.jetbrains.kotlinx.lincheck.LincheckAssertionError: &#10;= Invalid execution results =&#10;| ----------------------------------------------------------- |&#10;|       Thread 1        |              Thread 2               |&#10;| ----------------------------------------------------------- |&#10;| pop(1) + cancel: void | push(-1) + cancel: SUSPENDED + void |&#10;| top(1): 1 [1,0]       |                                     |&#10;| ----------------------------------------------------------- |&#10;&#10;---&#10;Values in &quot;[..]&quot; brackets indicate the number of completed operations&#10;in each of the parallel threads seen at the beginning of the current operation&#10;---&#10;" type="org.jetbrains.kotlinx.lincheck.LincheckAssertionError">org.jetbrains.kotlinx.lincheck.LincheckAssertionError: 
= Invalid execution results =
| ----------------------------------------------------------- |
|       Thread 1        |              Thread 2               |
| ----------------------------------------------------------- |
| pop(1) + cancel: void | push(-1) + cancel: SUSPENDED + void |
| top(1): 1 [1,0]       |                                     |
| ----------------------------------------------------------- |

---
Values in &quot;[..]&quot; brackets indicate the number of completed operations
in each of the parallel threads seen at the beginning of the current operation
---

	at app//org.jetbrains.kotlinx.lincheck.LinChecker.check(LinChecker.kt:43)
	at app//org.jetbrains.kotlinx.lincheck.LinChecker$Companion.check(LinChecker.kt:149)
	at app//org.jetbrains.kotlinx.lincheck.LinCheckerKt.check(LinChecker.kt:164)
	at app//org.jetbrains.kotlinx.lincheck.LinCheckerKt.check(LinChecker.kt:173)
	at app//TestsTreiberStack.stressTest(TestsThinBST.kt:26)
	at java.base@17.0.7/jdk.internal.reflect.NativeMethodAccessorImpl.invoke0(Native Method)
	at java.base@17.0.7/jdk.internal.reflect.NativeMethodAccessorImpl.invoke(NativeMethodAccessorImpl.java:77)
	at java.base@17.0.7/jdk.internal.reflect.DelegatingMethodAccessorImpl.invoke(DelegatingMethodAccessorImpl.java:43)
	at java.base@17.0.7/java.lang.reflect.Method.invoke(Method.java:568)
	at app//org.junit.platform.commons.util.ReflectionUtils.invokeMethod(ReflectionUtils.java:686)
	at app//org.junit.jupiter.engine.execution.MethodInvocation.proceed(MethodInvocation.java:60)
	at app//org.junit.jupiter.engine.execution.InvocationInterceptorChain$ValidatingInvocation.proceed(InvocationInterceptorChain.java:131)
	at app//org.junit.jupiter.engine.extension.TimeoutExtension.intercept(TimeoutExtension.java:149)
	at app//org.junit.jupiter.engine.extension.TimeoutExtension.interceptTestableMethod(TimeoutExtension.java:140)
	at app//org.junit.jupiter.engine.extension.TimeoutExtension.interceptTestMethod(TimeoutExtension.java:84)
	at app//org.junit.jupiter.engine.execution.ExecutableInvoker$ReflectiveInterceptorCall.lambda$ofVoidMethod$0(ExecutableInvoker.java:115)
	at app//org.junit.jupiter.engine.execution.ExecutableInvoker.lambda$invoke$0(ExecutableInvoker.java:105)
	at app//org.junit.jupiter.engine.execution.InvocationInterceptorChain$InterceptedInvocation.proceed(InvocationInterceptorChain.java:106)
	at app//org.junit.jupiter.engine.execution.InvocationInterceptorChain.proceed(InvocationInterceptorChain.java:64)
	at app//org.junit.jupiter.engine.execution.InvocationInterceptorChain.chainAndInvoke(InvocationInterceptorChain.java:45)
	at app//org.junit.jupiter.engine.execution.InvocationInterceptorChain.invoke(InvocationInterceptorChain.java:37)
	at app//org.junit.jupiter.engine.execution.ExecutableInvoker.invoke(ExecutableInvoker.java:104)
	at app//org.junit.jupiter.engine.execution.ExecutableInvoker.invoke(ExecutableInvoker.java:98)
	at app//org.junit.jupiter.engine.descriptor.TestMethodTestDescriptor.lambda$invokeTestMethod$6(TestMethodTestDescriptor.java:212)
	at app//org.junit.platform.engine.support.hierarchical.ThrowableCollector.execute(ThrowableCollector.java:73)
	at app//org.junit.jupiter.engine.descriptor.TestMethodTestDescriptor.invokeTestMethod(TestMethodTestDescriptor.java:208)
	at app//org.junit.jupiter.engine.descriptor.TestMethodTestDescriptor.execute(TestMethodTestDescriptor.java:137)
	at app//org.junit.jupiter.engine.descriptor.TestMethodTestDescriptor.execute(TestMethodTestDescriptor.java:71)
	at app//org.junit.platform.engine.support.hierarchical.NodeTestTask.lambda$executeRecursively$5(NodeTestTask.java:135)
	at app//org.junit.platform.engine.support.hierarchical.ThrowableCollector.execute(ThrowableCollector.java:73)
	at app//org.junit.platform.engine.support.hierarchical.NodeTestTask.lambda$executeRecursively$7(NodeTestTask.java:125)
	at app//org.junit.platform.engine.support.hierarchical.Node.around(Node.java:135)
	at app//org.junit.platform.engine.support.hierarchical.NodeTestTask.lambda$executeRecursively$8(NodeTestTask.java:123)
	at app//org.junit.platform.engine.support.hierarchical.ThrowableCollector.execute(ThrowableCollector.java:73)
	at app//org.junit.platform.engine.support.hierarchical.NodeTestTask.executeRecursively(NodeTestTask.java:122)
	at app//org.junit.platform.engine.support.hierarchical.NodeTestTask.execute(NodeTestTask.java:80)
	at java.base@17.0.7/java.util.ArrayList.forEach(ArrayList.java:1511)
	at app//org.junit.platform.engine.support.hierarchical.SameThreadHierarchicalTestExecutorService.invokeAll(SameThreadHierarchicalTestExecutorService.java:38)
	at app//org.junit.platform.engine.support.hierarchical.NodeTestTask.lambda$executeRecursively$5(NodeTestTask.java:139)
	at app//org.junit.platform.engine.support.hierarchical.ThrowableCollector.execute(ThrowableCollector.java:73)
	at app//org.junit.platform.engine.support.hierarchical.NodeTestTask.lambda$executeRecursively$7(NodeTestTask.java:125)
	at app//org.junit.platform.engine.support.hierarchical.Node.around(Node.java:135)
	at app//org.junit.platform.engine.support.hierarchical.NodeTestTask.lambda$executeRecursively$8(NodeTestTask.java:123)
	at app//org.junit.platform.engine.support.hierarchical.ThrowableCollector.execute(ThrowableCollector.java:73)
	at app//org.junit.platform.engine.support.hierarchical.NodeTestTask.executeRecursively(NodeTestTask.java:122)
	at app//org.junit.platform.engine.support.hierarchical.NodeTestTask.execute(NodeTestTask.java:80)
	at java.base@17.0.7/java.util.ArrayList.forEach(ArrayList.java:1511)
	at app//org.junit.platform.engine.support.hierarchical.SameThreadHierarchicalTestExecutorService.invokeAll(SameThreadHierarchicalTestExecutorService.java:38)
	at app//org.junit.platform.engine.support.hierarchical.NodeTestTask.lambda$executeRecursively$5(NodeTestTask.java:139)
	at app//org.junit.platform.engine.support.hierarchical.ThrowableCollector.execute(ThrowableCollector.java:73)
	at app//org.junit.platform.engine.support.hierarchical.NodeTestTask.lambda$executeRecursively$7(NodeTestTask.java:125)
	at app//org.junit.platform.engine.support.hierarchical.Node.around(Node.java:135)
	at app//org.junit.platform.engine.support.hierarchical.NodeTestTask.lambda$executeRecursively$8(NodeTestTask.java:123)
	at app//org.junit.platform.engine.support.hierarchical.ThrowableCollector.execute(ThrowableCollector.java:73)
	at app//org.junit.platform.engine.support.hierarchical.NodeTestTask.executeRecursively(NodeTestTask.java:122)
	at app//org.junit.platform.engine.support.hierarchical.NodeTestTask.execute(NodeTestTask.java:80)
	at app//org.junit.platform.engine.support.hierarchical.SameThreadHierarchicalTestExecutorService.submit(SameThreadHierarchicalTestExecutorService.java:32)
	at app//org.junit.platform.engine.support.hierarchical.HierarchicalTestExecutor.execute(HierarchicalTestExecutor.java:57)
	at app//org.junit.platform.engine.support.hierarchical.HierarchicalTestEngine.execute(HierarchicalTestEngine.java:51)
	at org.junit.platform.launcher.core.EngineExecutionOrchestrator.execute(EngineExecutionOrchestrator.java:108)
	at org.junit.platform.launcher.core.EngineExecutionOrchestrator.execute(EngineExecutionOrchestrator.java:88)
	at org.junit.platform.launcher.core.EngineExecutionOrchestrator.lambda$execute$0(EngineExecutionOrchestrator.java:54)
	at org.junit.platform.launcher.core.EngineExecutionOrchestrator.withInterceptedStreams(EngineExecutionOrchestrator.java:67)
	at org.junit.platform.launcher.core.EngineExecutionOrchestrator.execute(EngineExecutionOrchestrator.java:52)
	at org.junit.platform.launcher.core.DefaultLauncher.execute(DefaultLauncher.java:96)
	at org.junit.platform.launcher.core.DefaultLauncher.execute(DefaultLauncher.java:75)
	at org.gradle.api.internal.tasks.testing.junitplatform.JUnitPlatformTestClassProcessor$CollectAllTestClassesExecutor.processAllTestClasses(JUnitPlatformTestClassProcessor.java:99)
	at org.gradle.api.internal.tasks.testing.junitplatform.JUnitPlatformTestClassProcessor$CollectAllTestClassesExecutor.access$000(JUnitPlatformTestClassProcessor.java:79)
	at org.gradle.api.internal.tasks.testing.junitplatform.JUnitPlatformTestClassProcessor.stop(JUnitPlatformTestClassProcessor.java:75)
	at org.gradle.api.internal.tasks.testing.SuiteTestClassProcessor.stop(SuiteTestClassProcessor.java:61)
	at java.base@17.0.7/jdk.internal.reflect.NativeMethodAccessorImpl.invoke0(Native Method)
	at java.base@17.0.7/jdk.internal.reflect.NativeMethodAccessorImpl.invoke(NativeMethodAccessorImpl.java:77)
	at java.base@17.0.7/jdk.internal.reflect.DelegatingMethodAccessorImpl.invoke(DelegatingMethodAccessorImpl.java:43)
	at java.base@17.0.7/java.lang.reflect.Method.invoke(Method.java:568)
	at org.gradle.internal.dispatch.ReflectionDispatch.dispatch(ReflectionDispatch.java:36)
	at org.gradle.internal.dispatch.ReflectionDispatch.dispatch(ReflectionDispatch.java:24)
	at org.gradle.internal.dispatch.ContextClassLoaderDispatch.dispatch(ContextClassLoaderDispatch.java:33)
	at org.gradle.internal.dispatch.ProxyDispatchAdapter$DispatchingInvocationHandler.invoke(ProxyDispatchAdapter.java:94)
	at jdk.proxy1/jdk.proxy1.$Proxy2.stop(Unknown Source)
	at org.gradle.api.internal.tasks.testing.worker.TestWorker$3.run(TestWorker.java:193)
	at org.gradle.api.internal.tasks.testing.worker.TestWorker.executeAndMaintainThreadName(TestWorker.java:129)
	at org.gradle.api.internal.tasks.testing.worker.TestWorker.execute(TestWorker.java:100)
	at org.gradle.api.internal.tasks.testing.worker.TestWorker.execute(TestWorker.java:60)
	at org.gradle.process.internal.worker.child.ActionExecutionWorker.execute(ActionExecutionWorker.java:56)
	at org.gradle.process.internal.worker.child.SystemApplicationClassLoaderWorker.call(SystemApplicationClassLoaderWorker.java:133)
	at org.gradle.process.internal.worker.child.SystemApplicationClassLoaderWorker.call(SystemApplicationClassLoaderWorker.java:71)
	at app//worker.org.gradle.process.internal.worker.GradleWorkerMain.run(GradleWorkerMain.java:69)
	at app//worker.org.gradle.process.internal.worker.GradleWorkerMain.main(GradleWorkerMain.java:74)
</failure>
  </testcase>
  <testcase name="modelCheckingTest()" classname="TestsTreiberStack" time="2.064">
    <failure message="org.jetbrains.kotlinx.lincheck.LincheckAssertionError: &#10;= Invalid execution results =&#10;| --------------------------------------------------- |&#10;|       Thread 1        |          Thread 2           |&#10;| --------------------------------------------------- |&#10;| pop(1) + cancel: void | top(1): SUSPENDED + 1 [1,0] |&#10;| top(1): 1 [1,0]       |                             |&#10;| --------------------------------------------------- |&#10;&#10;---&#10;Values in &quot;[..]&quot; brackets indicate the number of completed operations&#10;in each of the parallel threads seen at the beginning of the current operation&#10;---&#10;&#10;The following interleaving leads to the error:&#10;| ------------------------------------------------------------------------------------------------------------------------------------------------------------------------------------------------------ |&#10;|                                   Thread 1                                    |                                                        Thread 2                                                        |&#10;| ------------------------------------------------------------------------------------------------------------------------------------------------------------------------------------------------------ |&#10;| pop(1) + cancel                                                               |                                                                                                                        |&#10;| top(1): 1                                                                     |                                                                                                                        |&#10;|   search(1): 1 at TestsTreiberStack.top(TestsThinBST.kt:18)                   |                                                                                                                        |&#10;|     search$suspendImpl(ThinBST@1,1,&lt;cont&gt;): 1 at ThinBST.search(ThinBST.kt:0) |                                                                                                                        |&#10;|       root.READ: NodeMutex@1 at ThinBST.search$suspendImpl(ThinBST.kt:118)    |                                                                                                                        |&#10;|       root.READ: NodeMutex@1 at ThinBST.search$suspendImpl(ThinBST.kt:120)    |                                                                                                                        |&#10;|       lock(): Unit@1 at ThinBST.search$suspendImpl(ThinBST.kt:120)            |                                                                                                                        |&#10;|       switch                                                                  |                                                                                                                        |&#10;|                                                                               | top(1): SUSPENDED + 1                                                                                                  |&#10;|                                                                               |   search(1): CoroutineSingletons@1 at TestsTreiberStack.top(TestsThinBST.kt:18)                                        |&#10;|                                                                               |     search$suspendImpl(ThinBST@1,1,&lt;cont&gt;): CoroutineSingletons@1 at ThinBST.search(ThinBST.kt:0)                      |&#10;|                                                                               |       root.READ: NodeMutex@1 at ThinBST.search$suspendImpl(ThinBST.kt:118)                                             |&#10;|                                                                               |       root.READ: NodeMutex@1 at ThinBST.search$suspendImpl(ThinBST.kt:120)                                             |&#10;|                                                                               |       lock(): CoroutineSingletons@1 at ThinBST.search$suspendImpl(ThinBST.kt:120)                                      |&#10;|                                                                               |         lock$default(MutexImpl@1,null,&lt;cont&gt;,1,null): CoroutineSingletons@1 at NodeMutex.lock(NodeMutex.kt:8)          |&#10;|                                                                               |           lock(null): CoroutineSingletons@1 at Mutex$DefaultImpls.lock$default(Mutex.kt:68)                            |&#10;|                                                                               |             lock$suspendImpl(MutexImpl@1,null,&lt;cont&gt;): CoroutineSingletons@1 at MutexImpl.lock(Mutex.kt:0)             |&#10;|                                                                               |               tryLock(null): false at MutexImpl.lock$suspendImpl(Mutex.kt:171)                                         |&#10;|                                                                               |               lockSuspend(null): CoroutineSingletons@1 at MutexImpl.lock$suspendImpl(Mutex.kt:172)                     |&#10;|                                                                               |                 acquire(&lt;cont&gt;) at MutexImpl.lockSuspend(Mutex.kt:177)                                                 |&#10;|                                                                               |                 getResult(): CoroutineSingletons@1 at MutexImpl.lockSuspend(Mutex.kt:321)                              |&#10;|                                                                               |                   isReusable(): false at CancellableContinuationImpl.getResult(CancellableContinuationImpl.kt:297)     |&#10;|                                                                               |                   trySuspend(): true at CancellableContinuationImpl.getResult(CancellableContinuationImpl.kt:300)      |&#10;|                                                                               |                   getParentHandle(): null at CancellableContinuationImpl.getResult(CancellableContinuationImpl.kt:310) |&#10;|                                                                               |   switch (reason: coroutine is suspended)                                                                              |&#10;|       root.READ: NodeMutex@1 at ThinBST.search$suspendImpl(ThinBST.kt:121)    |                                                                                                                        |&#10;|       search(NodeMutex@1,1): 1 at ThinBST.search$suspendImpl(ThinBST.kt:121)  |                                                                                                                        |&#10;|   result: 1                                                                   |                                                                                                                        |&#10;|                                                                               |   root.READ: NodeMutex@1 at ThinBST.search$suspendImpl(ThinBST.kt:121)                                                 |&#10;|                                                                               |   result: SUSPENDED + 1                                                                                                |&#10;|                                                                               |             value.READ: 1 at NodeMutex.getValue(NodeMutex.kt:3)                                                        |&#10;|                                                                               |                 unlock$default(MutexImpl@1,null,1,null) at NodeMutex.unlock(NodeMutex.kt:9)                            |&#10;|                                                                               |       getValue(): 1 at ThinBST.search(ThinBST.kt:132)                                                                  |&#10;| ------------------------------------------------------------------------------------------------------------------------------------------------------------------------------------------------------ |&#10;&#10;Detailed trace:&#10;| -------------------------------------------------------------------------------------------------------------------------------------------------------------------------------------------------------------------------------------------------------------------------------------------------------------------------------------------------------------------------------- |&#10;|                                                                                             Thread 1                                                                                             |                                                                                   Thread 2                                                                                    |&#10;| -------------------------------------------------------------------------------------------------------------------------------------------------------------------------------------------------------------------------------------------------------------------------------------------------------------------------------------------------------------------------------- |&#10;| pop(1) + cancel                                                                                                                                                                                  |                                                                                                                                                                               |&#10;|   add(1): Unit@1 at TestsTreiberStack.pop(TestsThinBST.kt:12)                                                                                                                                    |                                                                                                                                                                               |&#10;|     add$suspendImpl(ThinBST@1,1,&lt;cont&gt;): Unit@1 at ThinBST.add(ThinBST.kt:0)                                                                                                                     |                                                                                                                                                                               |&#10;|       Mutex$default(false,1,null): MutexImpl@2 at ThinBST.add$suspendImpl(ThinBST.kt:8)                                                                                                          |                                                                                                                                                                               |&#10;|         Mutex(false): MutexImpl@2 at MutexKt.Mutex$default(Mutex.kt:108)                                                                                                                         |                                                                                                                                                                               |&#10;|           &lt;init&gt;(false) at MutexKt.Mutex(Mutex.kt:109)                                                                                                                                           |                                                                                                                                                                               |&#10;|             &lt;init&gt;(1,0) at MutexImpl.&lt;init&gt;(Mutex.kt:134)                                                                                                                                        |                                                                                                                                                                               |&#10;|               &lt;init&gt;(0,null,2) at SemaphoreImpl.&lt;init&gt;(Semaphore.kt:139)                                                                                                                         |                                                                                                                                                                               |&#10;|                 &lt;init&gt;(16) at SemaphoreSegment.&lt;init&gt;(Semaphore.kt:363)                                                                                                                          |                                                                                                                                                                               |&#10;|             owner.WRITE(&lt;NO_OWNER&gt;) at MutexImpl.&lt;init&gt;(Mutex.kt:141)                                                                                                                            |                                                                                                                                                                               |&#10;|       lock$default(MutexImpl@2,null,&lt;cont&gt;,1,null): Unit@1 at ThinBST.add$suspendImpl(ThinBST.kt:8)                                                                                              |                                                                                                                                                                               |&#10;|         lock(null): Unit@1 at Mutex$DefaultImpls.lock$default(Mutex.kt:68)                                                                                                                       |                                                                                                                                                                               |&#10;|           lock$suspendImpl(MutexImpl@2,null,&lt;cont&gt;): Unit@1 at MutexImpl.lock(Mutex.kt:0)                                                                                                        |                                                                                                                                                                               |&#10;|             tryLock(null): true at MutexImpl.lock$suspendImpl(Mutex.kt:171)                                                                                                                      |                                                                                                                                                                               |&#10;|               tryLockImpl(null): 0 at MutexImpl.tryLock(Mutex.kt:183)                                                                                                                            |                                                                                                                                                                               |&#10;|                 tryAcquire(): true at MutexImpl.tryLockImpl(Mutex.kt:189)                                                                                                                        |                                                                                                                                                                               |&#10;|                   _availablePermits.get(): 1 at SemaphoreImpl.tryAcquire(Semaphore.kt:159)                                                                                                       |                                                                                                                                                                               |&#10;|                   _availablePermits.compareAndSet(1,0): true at SemaphoreImpl.tryAcquire(Semaphore.kt:171)                                                                                       |                                                                                                                                                                               |&#10;|                 owner.get(): &lt;NO_OWNER&gt; at MutexImpl.tryLockImpl(Mutex.kt:190)                                                                                                                   |                                                                                                                                                                               |&#10;|                 owner.set(null) at MutexImpl.tryLockImpl(Mutex.kt:191)                                                                                                                           |                                                                                                                                                                               |&#10;|       root.READ: null at ThinBST.add$suspendImpl(ThinBST.kt:9)                                                                                                                                   |                                                                                                                                                                               |&#10;|       &lt;init&gt;(1,null) at ThinBST.add$suspendImpl(ThinBST.kt:13)                                                                                                                                   |                                                                                                                                                                               |&#10;|         Mutex$default(false,1,null): MutexImpl@1 at NodeMutex.&lt;init&gt;(NodeMutex.kt:7)                                                                                                             |                                                                                                                                                                               |&#10;|           Mutex(false): MutexImpl@1 at MutexKt.Mutex$default(Mutex.kt:108)                                                                                                                       |                                                                                                                                                                               |&#10;|             &lt;init&gt;(false) at MutexKt.Mutex(Mutex.kt:109)                                                                                                                                         |                                                                                                                                                                               |&#10;|               &lt;init&gt;(1,0) at MutexImpl.&lt;init&gt;(Mutex.kt:134)                                                                                                                                      |                                                                                                                                                                               |&#10;|                 &lt;init&gt;(0,null,2) at SemaphoreImpl.&lt;init&gt;(Semaphore.kt:139)                                                                                                                       |                                                                                                                                                                               |&#10;|                   &lt;init&gt;(16) at SemaphoreSegment.&lt;init&gt;(Semaphore.kt:363)                                                                                                                        |                                                                                                                                                                               |&#10;|               owner.WRITE(&lt;NO_OWNER&gt;) at MutexImpl.&lt;init&gt;(Mutex.kt:141)                                                                                                                          |                                                                                                                                                                               |&#10;|       root.WRITE(NodeMutex@1) at ThinBST.add$suspendImpl(ThinBST.kt:9)                                                                                                                           |                                                                                                                                                                               |&#10;|   result: void                                                                                                                                                                                   |                                                                                                                                                                               |&#10;| top(1): 1                                                                                                                                                                                        |                                                                                                                                                                               |&#10;|   search(1): 1 at TestsTreiberStack.top(TestsThinBST.kt:18)                                                                                                                                      |                                                                                                                                                                               |&#10;|     search$suspendImpl(ThinBST@1,1,&lt;cont&gt;): 1 at ThinBST.search(ThinBST.kt:0)                                                                                                                    |                                                                                                                                                                               |&#10;|       root.READ: NodeMutex@1 at ThinBST.search$suspendImpl(ThinBST.kt:118)                                                                                                                       |                                                                                                                                                                               |&#10;|       root.READ: NodeMutex@1 at ThinBST.search$suspendImpl(ThinBST.kt:120)                                                                                                                       |                                                                                                                                                                               |&#10;|       lock(): Unit@1 at ThinBST.search$suspendImpl(ThinBST.kt:120)                                                                                                                               |                                                                                                                                                                               |&#10;|         lock$default(MutexImpl@1,null,&lt;cont&gt;,1,null): Unit@1 at NodeMutex.lock(NodeMutex.kt:8)                                                                                                   |                                                                                                                                                                               |&#10;|           lock(null): Unit@1 at Mutex$DefaultImpls.lock$default(Mutex.kt:68)                                                                                                                     |                                                                                                                                                                               |&#10;|             lock$suspendImpl(MutexImpl@1,null,&lt;cont&gt;): Unit@1 at MutexImpl.lock(Mutex.kt:0)                                                                                                      |                                                                                                                                                                               |&#10;|               tryLock(null): true at MutexImpl.lock$suspendImpl(Mutex.kt:171)                                                                                                                    |                                                                                                                                                                               |&#10;|                 tryLockImpl(null): 0 at MutexImpl.tryLock(Mutex.kt:183)                                                                                                                          |                                                                                                                                                                               |&#10;|                   tryAcquire(): true at MutexImpl.tryLockImpl(Mutex.kt:189)                                                                                                                      |                                                                                                                                                                               |&#10;|                     _availablePermits.get(): 1 at SemaphoreImpl.tryAcquire(Semaphore.kt:159)                                                                                                     |                                                                                                                                                                               |&#10;|                     _availablePermits.compareAndSet(1,0): true at SemaphoreImpl.tryAcquire(Semaphore.kt:171)                                                                                     |                                                                                                                                                                               |&#10;|                   owner.get(): &lt;NO_OWNER&gt; at MutexImpl.tryLockImpl(Mutex.kt:190)                                                                                                                 |                                                                                                                                                                               |&#10;|                   owner.set(null) at MutexImpl.tryLockImpl(Mutex.kt:191)                                                                                                                         |                                                                                                                                                                               |&#10;|       switch                                                                                                                                                                                     |                                                                                                                                                                               |&#10;|                                                                                                                                                                                                  | top(1): SUSPENDED + 1                                                                                                                                                         |&#10;|                                                                                                                                                                                                  |   search(1): CoroutineSingletons@1 at TestsTreiberStack.top(TestsThinBST.kt:18)                                                                                               |&#10;|                                                                                                                                                                                                  |     search$suspendImpl(ThinBST@1,1,&lt;cont&gt;): CoroutineSingletons@1 at ThinBST.search(ThinBST.kt:0)                                                                             |&#10;|                                                                                                                                                                                                  |       root.READ: NodeMutex@1 at ThinBST.search$suspendImpl(ThinBST.kt:118)                                                                                                    |&#10;|                                                                                                                                                                                                  |       root.READ: NodeMutex@1 at ThinBST.search$suspendImpl(ThinBST.kt:120)                                                                                                    |&#10;|                                                                                                                                                                                                  |       lock(): CoroutineSingletons@1 at ThinBST.search$suspendImpl(ThinBST.kt:120)                                                                                             |&#10;|                                                                                                                                                                                                  |         lock$default(MutexImpl@1,null,&lt;cont&gt;,1,null): CoroutineSingletons@1 at NodeMutex.lock(NodeMutex.kt:8)                                                                 |&#10;|                                                                                                                                                                                                  |           lock(null): CoroutineSingletons@1 at Mutex$DefaultImpls.lock$default(Mutex.kt:68)                                                                                   |&#10;|                                                                                                                                                                                                  |             lock$suspendImpl(MutexImpl@1,null,&lt;cont&gt;): CoroutineSingletons@1 at MutexImpl.lock(Mutex.kt:0)                                                                    |&#10;|                                                                                                                                                                                                  |               tryLock(null): false at MutexImpl.lock$suspendImpl(Mutex.kt:171)                                                                                                |&#10;|                                                                                                                                                                                                  |                 tryLockImpl(null): 1 at MutexImpl.tryLock(Mutex.kt:183)                                                                                                       |&#10;|                                                                                                                                                                                                  |                   tryAcquire(): false at MutexImpl.tryLockImpl(Mutex.kt:189)                                                                                                  |&#10;|                                                                                                                                                                                                  |                     _availablePermits.get(): 0 at SemaphoreImpl.tryAcquire(Semaphore.kt:159)                                                                                  |&#10;|                                                                                                                                                                                                  |               lockSuspend(null): CoroutineSingletons@1 at MutexImpl.lock$suspendImpl(Mutex.kt:172)                                                                            |&#10;|                                                                                                                                                                                                  |                 acquire(&lt;cont&gt;) at MutexImpl.lockSuspend(Mutex.kt:177)                                                                                                        |&#10;|                                                                                                                                                                                                  |                   decPermits(): 0 at SemaphoreImpl.acquire(Semaphore.kt:413)                                                                                                  |&#10;|                                                                                                                                                                                                  |                     _availablePermits.getAndDecrement(): 0 at SemaphoreImpl.decPermits(Semaphore.kt:237)                                                                      |&#10;|                                                                                                                                                                                                  |                   addAcquireToQueue(&lt;cont&gt;): true at SemaphoreImpl.acquire(Semaphore.kt:199)                                                                                  |&#10;|                                                                                                                                                                                                  |                     tail.get(): SemaphoreSegment@1 at SemaphoreImpl.addAcquireToQueue(Semaphore.kt:286)                                                                       |&#10;|                                                                                                                                                                                                  |                     enqIdx.getAndIncrement(): 0 at SemaphoreImpl.addAcquireToQueue(Semaphore.kt:287)                                                                          |&#10;|                                                                                                                                                                                                  |                     findSegmentInternal(SemaphoreSegment@1,0,createNewSegment$1): SemaphoreSegment@1 at SemaphoreImpl.addAcquireToQueue(Semaphore.kt:432)                     |&#10;|                                                                                                                                                                                                  |                       isRemoved(): false at ConcurrentLinkedListKt.findSegmentInternal(ConcurrentLinkedList.kt:26)                                                            |&#10;|                                                                                                                                                                                                  |                         cleanedAndPointers.get(): 131072 at Segment.isRemoved(ConcurrentLinkedList.kt:222)                                                                    |&#10;|                                                                                                                                                                                                  |                     tail.get(): SemaphoreSegment@1 at SemaphoreImpl.addAcquireToQueue(Semaphore.kt:433)                                                                       |&#10;|                                                                                                                                                                                                  |                     compareAndSet(0,null,&lt;cont&gt;): true at SemaphoreImpl.addAcquireToQueue(Semaphore.kt:442)                                                                   |&#10;|                                                                                                                                                                                                  |                     invokeOnCancellation(SemaphoreSegment@1,0) at SemaphoreImpl.addAcquireToQueue(Semaphore.kt:294)                                                           |&#10;|                                                                                                                                                                                                  |                       invokeOnCancellation(SemaphoreSegment@1,0) at MutexImpl$CancellableContinuationWithOwner.invokeOnCancellation(Mutex.kt:0)                               |&#10;|                                                                                                                                                                                                  |                         _decisionAndIndex.get(): 536870911 at CancellableContinuationImpl.invokeOnCancellation(CancellableContinuationImpl.kt:0)                              |&#10;|                                                                                                                                                                                                  |                         _decisionAndIndex.compareAndSet(536870911,0): true at CancellableContinuationImpl.invokeOnCancellation(CancellableContinuationImpl.kt:392)            |&#10;|                                                                                                                                                                                                  |                         invokeOnCancellationImpl(SemaphoreSegment@1) at CancellableContinuationImpl.invokeOnCancellation(CancellableContinuationImpl.kt:394)                  |&#10;|                                                                                                                                                                                                  |                           _state.get(): Active@1 at CancellableContinuationImpl.invokeOnCancellationImpl(CancellableContinuationImpl.kt:403)                                  |&#10;|                                                                                                                                                                                                  |                           _state.compareAndSet(Active@1,SemaphoreSegment@1): true at CancellableContinuationImpl.invokeOnCancellationImpl(CancellableContinuationImpl.kt:407) |&#10;|                                                                                                                                                                                                  |                 getResult(): CoroutineSingletons@1 at MutexImpl.lockSuspend(Mutex.kt:321)                                                                                     |&#10;|                                                                                                                                                                                                  |                   isReusable(): false at CancellableContinuationImpl.getResult(CancellableContinuationImpl.kt:297)                                                            |&#10;|                                                                                                                                                                                                  |                     resumeMode.READ: 1 at CancellableContinuationImpl.isReusable(CancellableContinuationImpl.kt:141)                                                          |&#10;|                                                                                                                                                                                                  |                   trySuspend(): true at CancellableContinuationImpl.getResult(CancellableContinuationImpl.kt:300)                                                             |&#10;|                                                                                                                                                                                                  |                     _decisionAndIndex.get(): 0 at CancellableContinuationImpl.trySuspend(CancellableContinuationImpl.kt:0)                                                    |&#10;|                                                                                                                                                                                                  |                     _decisionAndIndex.compareAndSet(0,536870912): true at CancellableContinuationImpl.trySuspend(CancellableContinuationImpl.kt:278)                          |&#10;|                                                                                                                                                                                                  |                   getParentHandle(): null at CancellableContinuationImpl.getResult(CancellableContinuationImpl.kt:310)                                                        |&#10;|                                                                                                                                                                                                  |                     _parentHandle.get(): null at CancellableContinuationImpl.getParentHandle(CancellableContinuationImpl.kt:106)                                              |&#10;|                                                                                                                                                                                                  |   switch (reason: coroutine is suspended)                                                                                                                                     |&#10;|       root.READ: NodeMutex@1 at ThinBST.search$suspendImpl(ThinBST.kt:121)                                                                                                                       |                                                                                                                                                                               |&#10;|       search(NodeMutex@1,1): 1 at ThinBST.search$suspendImpl(ThinBST.kt:121)                                                                                                                     |                                                                                                                                                                               |&#10;|         getValue(): 1 at ThinBST.search(ThinBST.kt:130)                                                                                                                                          |                                                                                                                                                                               |&#10;|           value.READ: 1 at NodeMutex.getValue(NodeMutex.kt:3)                                                                                                                                    |                                                                                                                                                                               |&#10;|         unlock() at ThinBST.search(ThinBST.kt:131)                                                                                                                                               |                                                                                                                                                                               |&#10;|           unlock$default(MutexImpl@1,null,1,null) at NodeMutex.unlock(NodeMutex.kt:9)                                                                                                            |                                                                                                                                                                               |&#10;|             unlock(null) at Mutex$DefaultImpls.unlock$default(Mutex.kt:98)                                                                                                                       |                                                                                                                                                                               |&#10;|               isLocked(): true at MutexImpl.unlock(Mutex.kt:213)                                                                                                                                 |                                                                                                                                                                               |&#10;|                 getAvailablePermits(): 0 at MutexImpl.isLocked(Mutex.kt:149)                                                                                                                     |                                                                                                                                                                               |&#10;|                   _availablePermits.get(): -1 at SemaphoreImpl.getAvailablePermits(Semaphore.kt:152)                                                                                             |                                                                                                                                                                               |&#10;|               owner.get(): null at MutexImpl.unlock(Mutex.kt:215)                                                                                                                                |                                                                                                                                                                               |&#10;|               owner.compareAndSet(null,&lt;NO_OWNER&gt;): true at MutexImpl.unlock(Mutex.kt:220)                                                                                                       |                                                                                                                                                                               |&#10;|               release() at MutexImpl.unlock(Mutex.kt:222)                                                                                                                                        |                                                                                                                                                                               |&#10;|                 _availablePermits.getAndIncrement(): -1 at SemaphoreImpl.release(Semaphore.kt:250)                                                                                               |                                                                                                                                                                               |&#10;|                 tryResumeNextFromQueue(): true at SemaphoreImpl.release(Semaphore.kt:265)                                                                                                        |                                                                                                                                                                               |&#10;|                   head.get(): SemaphoreSegment@1 at SemaphoreImpl.tryResumeNextFromQueue(Semaphore.kt:319)                                                                                       |                                                                                                                                                                               |&#10;|                   deqIdx.getAndIncrement(): 0 at SemaphoreImpl.tryResumeNextFromQueue(Semaphore.kt:320)                                                                                          |                                                                                                                                                                               |&#10;|                   findSegmentInternal(SemaphoreSegment@1,0,createNewSegment$1): SemaphoreSegment@1 at SemaphoreImpl.tryResumeNextFromQueue(Semaphore.kt:446)                                     |                                                                                                                                                                               |&#10;|                     isRemoved(): false at ConcurrentLinkedListKt.findSegmentInternal(ConcurrentLinkedList.kt:26)                                                                                 |                                                                                                                                                                               |&#10;|                       cleanedAndPointers.get(): 131072 at Segment.isRemoved(ConcurrentLinkedList.kt:222)                                                                                         |                                                                                                                                                                               |&#10;|                   head.get(): SemaphoreSegment@1 at SemaphoreImpl.tryResumeNextFromQueue(Semaphore.kt:447)                                                                                       |                                                                                                                                                                               |&#10;|                   cleanPrev() at SemaphoreImpl.tryResumeNextFromQueue(Semaphore.kt:325)                                                                                                          |                                                                                                                                                                               |&#10;|                     _prev.lazySet(null) at ConcurrentLinkedListNode.cleanPrev(ConcurrentLinkedList.kt:132)                                                                                       |                                                                                                                                                                               |&#10;|                   getAndSet(0,&lt;PERMIT&gt;): &lt;cont&gt; at SemaphoreImpl.tryResumeNextFromQueue(Semaphore.kt:456)                                                                                        |                                                                                                                                                                               |&#10;|                   tryResumeAcquire(&lt;cont&gt;): true at SemaphoreImpl.tryResumeNextFromQueue(Semaphore.kt:340)                                                                                       |                                                                                                                                                                               |&#10;|                     tryResume(Unit@1,null,onCancellationRelease$1): &lt;RESUME_TOKEN&gt; at SemaphoreImpl.tryResumeAcquire(Semaphore.kt:347)                                                           |                                                                                                                                                                               |&#10;|                       tryResume(Unit@1,null,onCancellationRelease$1): &lt;RESUME_TOKEN&gt; at MutexImpl$CancellableContinuationWithOwner.tryResume(Mutex.kt:250)                                       |                                                                                                                                                                               |&#10;|                         owner.get(): &lt;NO_OWNER&gt; at MutexImpl$CancellableContinuationWithOwner.tryResume(Mutex.kt:257)                                                                            |                                                                                                                                                                               |&#10;|                         tryResume(Unit@1,null,token$1): &lt;RESUME_TOKEN&gt; at MutexImpl$CancellableContinuationWithOwner.tryResume(Mutex.kt:258)                                                     |                                                                                                                                                                               |&#10;|                           tryResumeImpl(Unit@1,null,token$1): &lt;RESUME_TOKEN&gt; at CancellableContinuationImpl.tryResume(CancellableContinuationImpl.kt:582)                                        |                                                                                                                                                                               |&#10;|                             _state.get(): SemaphoreSegment@1 at CancellableContinuationImpl.tryResumeImpl(CancellableContinuationImpl.kt:0)                                                      |                                                                                                                                                                               |&#10;|                             resumeMode.READ: 1 at CancellableContinuationImpl.tryResumeImpl(CancellableContinuationImpl.kt:540)                                                                  |                                                                                                                                                                               |&#10;|                             _state.compareAndSet(SemaphoreSegment@1,CompletedContinuation@1): true at CancellableContinuationImpl.tryResumeImpl(CancellableContinuationImpl.kt:541)              |                                                                                                                                                                               |&#10;|                             detachChildIfNonResuable() at CancellableContinuationImpl.tryResumeImpl(CancellableContinuationImpl.kt:542)                                                          |                                                                                                                                                                               |&#10;|                               isReusable(): false at CancellableContinuationImpl.detachChildIfNonResuable(CancellableContinuationImpl.kt:565)                                                    |                                                                                                                                                                               |&#10;|                                 resumeMode.READ: 1 at CancellableContinuationImpl.isReusable(CancellableContinuationImpl.kt:141)                                                                 |                                                                                                                                                                               |&#10;|                               detachChild$kotlinx_coroutines_core() at CancellableContinuationImpl.detachChildIfNonResuable(CancellableContinuationImpl.kt:565)                                  |                                                                                                                                                                               |&#10;|                                 getParentHandle(): null at CancellableContinuationImpl.detachChild$kotlinx_coroutines_core(CancellableContinuationImpl.kt:572)                                   |                                                                                                                                                                               |&#10;|                                   _parentHandle.get(): null at CancellableContinuationImpl.getParentHandle(CancellableContinuationImpl.kt:106)                                                   |                                                                                                                                                                               |&#10;|                         owner.get(): &lt;NO_OWNER&gt; at MutexImpl$CancellableContinuationWithOwner.tryResume(Mutex.kt:264)                                                                            |                                                                                                                                                                               |&#10;|                         owner.set(null) at MutexImpl$CancellableContinuationWithOwner.tryResume(Mutex.kt:265)                                                                                    |                                                                                                                                                                               |&#10;|                     completeResume(&lt;RESUME_TOKEN&gt;) at SemaphoreImpl.tryResumeAcquire(Semaphore.kt:349)                                                                                           |                                                                                                                                                                               |&#10;|                       completeResume(&lt;RESUME_TOKEN&gt;) at MutexImpl$CancellableContinuationWithOwner.completeResume(Mutex.kt:0)                                                                    |                                                                                                                                                                               |&#10;|                         resumeMode.READ: 1 at CancellableContinuationImpl.completeResume(CancellableContinuationImpl.kt:590)                                                                     |                                                                                                                                                                               |&#10;|                         dispatchResume(1) at CancellableContinuationImpl.completeResume(CancellableContinuationImpl.kt:590)                                                                      |                                                                                                                                                                               |&#10;|                           tryResume(): false at CancellableContinuationImpl.dispatchResume(CancellableContinuationImpl.kt:472)                                                                   |                                                                                                                                                                               |&#10;|                             _decisionAndIndex.get(): 536870912 at CancellableContinuationImpl.tryResume(CancellableContinuationImpl.kt:0)                                                        |                                                                                                                                                                               |&#10;|                           dispatch(&lt;cont&gt;,1) at CancellableContinuationImpl.dispatchResume(CancellableContinuationImpl.kt:474)                                                                   |                                                                                                                                                                               |&#10;|                             resume(&lt;cont&gt;,&lt;cont&gt;,false) at DispatchedTaskKt.dispatch(DispatchedTask.kt:168)                                                                                      |                                                                                                                                                                               |&#10;|                               takeState$kotlinx_coroutines_core(): CompletedContinuation@1 at DispatchedTaskKt.resume(DispatchedTask.kt:174)                                                     |                                                                                                                                                                               |&#10;|                                 getState$kotlinx_coroutines_core(): CompletedContinuation@1 at CancellableContinuationImpl.takeState$kotlinx_coroutines_core(CancellableContinuationImpl.kt:168) |                                                                                                                                                                               |&#10;|                                   _state.get(): CompletedContinuation@1 at CancellableContinuationImpl.getState$kotlinx_coroutines_core(CancellableContinuationImpl.kt:108)                      |                                                                                                                                                                               |&#10;|         getValue(): 1 at ThinBST.search(ThinBST.kt:132)                                                                                                                                          |                                                                                                                                                                               |&#10;|           value.READ: 1 at NodeMutex.getValue(NodeMutex.kt:3)                                                                                                                                    |                                                                                                                                                                               |&#10;|   result: 1                                                                                                                                                                                      |                                                                                                                                                                               |&#10;|                                                                                                                                                                                                  |   root.READ: NodeMutex@1 at ThinBST.search$suspendImpl(ThinBST.kt:121)                                                                                                        |&#10;|                                                                                                                                                                                                  |   result: SUSPENDED + 1                                                                                                                                                       |&#10;|                                                                                                                                                                                                  |             value.READ: 1 at NodeMutex.getValue(NodeMutex.kt:3)                                                                                                               |&#10;|                                                                                                                                                                                                  |                 unlock$default(MutexImpl@1,null,1,null) at NodeMutex.unlock(NodeMutex.kt:9)                                                                                   |&#10;|                                                                                                                                                                                                  |                   unlock(null) at Mutex$DefaultImpls.unlock$default(Mutex.kt:98)                                                                                              |&#10;|                                                                                                                                                                                                  |                     isLocked(): true at MutexImpl.unlock(Mutex.kt:213)                                                                                                        |&#10;|                                                                                                                                                                                                  |                       getAvailablePermits(): 0 at MutexImpl.isLocked(Mutex.kt:149)                                                                                            |&#10;|                                                                                                                                                                                                  |                         _availablePermits.get(): 0 at SemaphoreImpl.getAvailablePermits(Semaphore.kt:152)                                                                     |&#10;|                                                                                                                                                                                                  |                     owner.get(): null at MutexImpl.unlock(Mutex.kt:215)                                                                                                       |&#10;|                                                                                                                                                                                                  |                     owner.compareAndSet(null,&lt;NO_OWNER&gt;): true at MutexImpl.unlock(Mutex.kt:220)                                                                              |&#10;|                                                                                                                                                                                                  |                     release() at MutexImpl.unlock(Mutex.kt:222)                                                                                                               |&#10;|                                                                                                                                                                                                  |                       _availablePermits.getAndIncrement(): 0 at SemaphoreImpl.release(S
[...]
|                         resumeMode.READ: 1 at CancellableContinuationImpl.completeResume(CancellableContinuationImpl.kt:590)                                                                     |                                                                                                                                                                               |
|                         dispatchResume(1) at CancellableContinuationImpl.completeResume(CancellableContinuationImpl.kt:590)                                                                      |                                                                                                                                                                               |
|                           tryResume(): false at CancellableContinuationImpl.dispatchResume(CancellableContinuationImpl.kt:472)                                                                   |                                                                                                                                                                               |
|                             _decisionAndIndex.get(): 536870912 at CancellableContinuationImpl.tryResume(CancellableContinuationImpl.kt:0)                                                        |                                                                                                                                                                               |
|                           dispatch(&lt;cont&gt;,1) at CancellableContinuationImpl.dispatchResume(CancellableContinuationImpl.kt:474)                                                                   |                                                                                                                                                                               |
|                             resume(&lt;cont&gt;,&lt;cont&gt;,false) at DispatchedTaskKt.dispatch(DispatchedTask.kt:168)                                                                                      |                                                                                                                                                                               |
|                               takeState$kotlinx_coroutines_core(): CompletedContinuation@1 at DispatchedTaskKt.resume(DispatchedTask.kt:174)                                                     |                                                                                                                                                                               |
|                                 getState$kotlinx_coroutines_core(): CompletedContinuation@1 at CancellableContinuationImpl.takeState$kotlinx_coroutines_core(CancellableContinuationImpl.kt:168) |                                                                                                                                                                               |
|                                   _state.get(): CompletedContinuation@1 at CancellableContinuationImpl.getState$kotlinx_coroutines_core(CancellableContinuationImpl.kt:108)                      |                                                                                                                                                                               |
|         getValue(): 1 at ThinBST.search(ThinBST.kt:132)                                                                                                                                          |                                                                                                                                                                               |
|           value.READ: 1 at NodeMutex.getValue(NodeMutex.kt:3)                                                                                                                                    |                                                                                                                                                                               |
|   result: 1                                                                                                                                                                                      |                                                                                                                                                                               |
|                                                                                                                                                                                                  |   root.READ: NodeMutex@1 at ThinBST.search$suspendImpl(ThinBST.kt:121)                                                                                                        |
|                                                                                                                                                                                                  |   result: SUSPENDED + 1                                                                                                                                                       |
|                                                                                                                                                                                                  |             value.READ: 1 at NodeMutex.getValue(NodeMutex.kt:3)                                                                                                               |
|                                                                                                                                                                                                  |                 unlock$default(MutexImpl@1,null,1,null) at NodeMutex.unlock(NodeMutex.kt:9)                                                                                   |
|                                                                                                                                                                                                  |                   unlock(null) at Mutex$DefaultImpls.unlock$default(Mutex.kt:98)                                                                                              |
|                                                                                                                                                                                                  |                     isLocked(): true at MutexImpl.unlock(Mutex.kt:213)                                                                                                        |
|                                                                                                                                                                                                  |                       getAvailablePermits(): 0 at MutexImpl.isLocked(Mutex.kt:149)                                                                                            |
|                                                                                                                                                                                                  |                         _availablePermits.get(): 0 at SemaphoreImpl.getAvailablePermits(Semaphore.kt:152)                                                                     |
|                                                                                                                                                                                                  |                     owner.get(): null at MutexImpl.unlock(Mutex.kt:215)                                                                                                       |
|                                                                                                                                                                                                  |                     owner.compareAndSet(null,&lt;NO_OWNER&gt;): true at MutexImpl.unlock(Mutex.kt:220)                                                                              |
|                                                                                                                                                                                                  |                     release() at MutexImpl.unlock(Mutex.kt:222)                                                                                                               |
|                                                                                                                                                                                                  |                       _availablePermits.getAndIncrement(): 0 at SemaphoreImpl.release(Semaphore.kt:250)                                                                       |
|                                                                                                                                                                                                  |       getValue(): 1 at ThinBST.search(ThinBST.kt:132)                                                                                                                         |
|                                                                                                                                                                                                  |         value.READ: 1 at NodeMutex.getValue(NodeMutex.kt:3)                                                                                                                   |
| -------------------------------------------------------------------------------------------------------------------------------------------------------------------------------------------------------------------------------------------------------------------------------------------------------------------------------------------------------------------------------- |

	at app//org.jetbrains.kotlinx.lincheck.LinChecker.check(LinChecker.kt:43)
	at app//org.jetbrains.kotlinx.lincheck.LinChecker$Companion.check(LinChecker.kt:149)
	at app//org.jetbrains.kotlinx.lincheck.LinCheckerKt.check(LinChecker.kt:164)
	at app//org.jetbrains.kotlinx.lincheck.LinCheckerKt.check(LinChecker.kt:173)
	at app//TestsTreiberStack.modelCheckingTest(TestsThinBST.kt:35)
	at java.base@17.0.7/jdk.internal.reflect.NativeMethodAccessorImpl.invoke0(Native Method)
	at java.base@17.0.7/jdk.internal.reflect.NativeMethodAccessorImpl.invoke(NativeMethodAccessorImpl.java:77)
	at java.base@17.0.7/jdk.internal.reflect.DelegatingMethodAccessorImpl.invoke(DelegatingMethodAccessorImpl.java:43)
	at java.base@17.0.7/java.lang.reflect.Method.invoke(Method.java:568)
	at app//org.junit.platform.commons.util.ReflectionUtils.invokeMethod(ReflectionUtils.java:686)
	at app//org.junit.jupiter.engine.execution.MethodInvocation.proceed(MethodInvocation.java:60)
	at app//org.junit.jupiter.engine.execution.InvocationInterceptorChain$ValidatingInvocation.proceed(InvocationInterceptorChain.java:131)
	at app//org.junit.jupiter.engine.extension.TimeoutExtension.intercept(TimeoutExtension.java:149)
	at app//org.junit.jupiter.engine.extension.TimeoutExtension.interceptTestableMethod(TimeoutExtension.java:140)
	at app//org.junit.jupiter.engine.extension.TimeoutExtension.interceptTestMethod(TimeoutExtension.java:84)
	at app//org.junit.jupiter.engine.execution.ExecutableInvoker$ReflectiveInterceptorCall.lambda$ofVoidMethod$0(ExecutableInvoker.java:115)
	at app//org.junit.jupiter.engine.execution.ExecutableInvoker.lambda$invoke$0(ExecutableInvoker.java:105)
	at app//org.junit.jupiter.engine.execution.InvocationInterceptorChain$InterceptedInvocation.proceed(InvocationInterceptorChain.java:106)
	at app//org.junit.jupiter.engine.execution.InvocationInterceptorChain.proceed(InvocationInterceptorChain.java:64)
	at app//org.junit.jupiter.engine.execution.InvocationInterceptorChain.chainAndInvoke(InvocationInterceptorChain.java:45)
	at app//org.junit.jupiter.engine.execution.InvocationInterceptorChain.invoke(InvocationInterceptorChain.java:37)
	at app//org.junit.jupiter.engine.execution.ExecutableInvoker.invoke(ExecutableInvoker.java:104)
	at app//org.junit.jupiter.engine.execution.ExecutableInvoker.invoke(ExecutableInvoker.java:98)
	at app//org.junit.jupiter.engine.descriptor.TestMethodTestDescriptor.lambda$invokeTestMethod$6(TestMethodTestDescriptor.java:212)
	at app//org.junit.platform.engine.support.hierarchical.ThrowableCollector.execute(ThrowableCollector.java:73)
	at app//org.junit.jupiter.engine.descriptor.TestMethodTestDescriptor.invokeTestMethod(TestMethodTestDescriptor.java:208)
	at app//org.junit.jupiter.engine.descriptor.TestMethodTestDescriptor.execute(TestMethodTestDescriptor.java:137)
	at app//org.junit.jupiter.engine.descriptor.TestMethodTestDescriptor.execute(TestMethodTestDescriptor.java:71)
	at app//org.junit.platform.engine.support.hierarchical.NodeTestTask.lambda$executeRecursively$5(NodeTestTask.java:135)
	at app//org.junit.platform.engine.support.hierarchical.ThrowableCollector.execute(ThrowableCollector.java:73)
	at app//org.junit.platform.engine.support.hierarchical.NodeTestTask.lambda$executeRecursively$7(NodeTestTask.java:125)
	at app//org.junit.platform.engine.support.hierarchical.Node.around(Node.java:135)
	at app//org.junit.platform.engine.support.hierarchical.NodeTestTask.lambda$executeRecursively$8(NodeTestTask.java:123)
	at app//org.junit.platform.engine.support.hierarchical.ThrowableCollector.execute(ThrowableCollector.java:73)
	at app//org.junit.platform.engine.support.hierarchical.NodeTestTask.executeRecursively(NodeTestTask.java:122)
	at app//org.junit.platform.engine.support.hierarchical.NodeTestTask.execute(NodeTestTask.java:80)
	at java.base@17.0.7/java.util.ArrayList.forEach(ArrayList.java:1511)
	at app//org.junit.platform.engine.support.hierarchical.SameThreadHierarchicalTestExecutorService.invokeAll(SameThreadHierarchicalTestExecutorService.java:38)
	at app//org.junit.platform.engine.support.hierarchical.NodeTestTask.lambda$executeRecursively$5(NodeTestTask.java:139)
	at app//org.junit.platform.engine.support.hierarchical.ThrowableCollector.execute(ThrowableCollector.java:73)
	at app//org.junit.platform.engine.support.hierarchical.NodeTestTask.lambda$executeRecursively$7(NodeTestTask.java:125)
	at app//org.junit.platform.engine.support.hierarchical.Node.around(Node.java:135)
	at app//org.junit.platform.engine.support.hierarchical.NodeTestTask.lambda$executeRecursively$8(NodeTestTask.java:123)
	at app//org.junit.platform.engine.support.hierarchical.ThrowableCollector.execute(ThrowableCollector.java:73)
	at app//org.junit.platform.engine.support.hierarchical.NodeTestTask.executeRecursively(NodeTestTask.java:122)
	at app//org.junit.platform.engine.support.hierarchical.NodeTestTask.execute(NodeTestTask.java:80)
	at java.base@17.0.7/java.util.ArrayList.forEach(ArrayList.java:1511)
	at app//org.junit.platform.engine.support.hierarchical.SameThreadHierarchicalTestExecutorService.invokeAll(SameThreadHierarchicalTestExecutorService.java:38)
	at app//org.junit.platform.engine.support.hierarchical.NodeTestTask.lambda$executeRecursively$5(NodeTestTask.java:139)
	at app//org.junit.platform.engine.support.hierarchical.ThrowableCollector.execute(ThrowableCollector.java:73)
	at app//org.junit.platform.engine.support.hierarchical.NodeTestTask.lambda$executeRecursively$7(NodeTestTask.java:125)
	at app//org.junit.platform.engine.support.hierarchical.Node.around(Node.java:135)
	at app//org.junit.platform.engine.support.hierarchical.NodeTestTask.lambda$executeRecursively$8(NodeTestTask.java:123)
	at app//org.junit.platform.engine.support.hierarchical.ThrowableCollector.execute(ThrowableCollector.java:73)
	at app//org.junit.platform.engine.support.hierarchical.NodeTestTask.executeRecursively(NodeTestTask.java:122)
	at app//org.junit.platform.engine.support.hierarchical.NodeTestTask.execute(NodeTestTask.java:80)
	at app//org.junit.platform.engine.support.hierarchical.SameThreadHierarchicalTestExecutorService.submit(SameThreadHierarchicalTestExecutorService.java:32)
	at app//org.junit.platform.engine.support.hierarchical.HierarchicalTestExecutor.execute(HierarchicalTestExecutor.java:57)
	at app//org.junit.platform.engine.support.hierarchical.HierarchicalTestEngine.execute(HierarchicalTestEngine.java:51)
	at org.junit.platform.launcher.core.EngineExecutionOrchestrator.execute(EngineExecutionOrchestrator.java:108)
	at org.junit.platform.launcher.core.EngineExecutionOrchestrator.execute(EngineExecutionOrchestrator.java:88)
	at org.junit.platform.launcher.core.EngineExecutionOrchestrator.lambda$execute$0(EngineExecutionOrchestrator.java:54)
	at org.junit.platform.launcher.core.EngineExecutionOrchestrator.withInterceptedStreams(EngineExecutionOrchestrator.java:67)
	at org.junit.platform.launcher.core.EngineExecutionOrchestrator.execute(EngineExecutionOrchestrator.java:52)
	at org.junit.platform.launcher.core.DefaultLauncher.execute(DefaultLauncher.java:96)
	at org.junit.platform.launcher.core.DefaultLauncher.execute(DefaultLauncher.java:75)
	at org.gradle.api.internal.tasks.testing.junitplatform.JUnitPlatformTestClassProcessor$CollectAllTestClassesExecutor.processAllTestClasses(JUnitPlatformTestClassProcessor.java:99)
	at org.gradle.api.internal.tasks.testing.junitplatform.JUnitPlatformTestClassProcessor$CollectAllTestClassesExecutor.access$000(JUnitPlatformTestClassProcessor.java:79)
	at org.gradle.api.internal.tasks.testing.junitplatform.JUnitPlatformTestClassProcessor.stop(JUnitPlatformTestClassProcessor.java:75)
	at org.gradle.api.internal.tasks.testing.SuiteTestClassProcessor.stop(SuiteTestClassProcessor.java:61)
	at java.base@17.0.7/jdk.internal.reflect.NativeMethodAccessorImpl.invoke0(Native Method)
	at java.base@17.0.7/jdk.internal.reflect.NativeMethodAccessorImpl.invoke(NativeMethodAccessorImpl.java:77)
	at java.base@17.0.7/jdk.internal.reflect.DelegatingMethodAccessorImpl.invoke(DelegatingMethodAccessorImpl.java:43)
	at java.base@17.0.7/java.lang.reflect.Method.invoke(Method.java:568)
	at org.gradle.internal.dispatch.ReflectionDispatch.dispatch(ReflectionDispatch.java:36)
	at org.gradle.internal.dispatch.ReflectionDispatch.dispatch(ReflectionDispatch.java:24)
	at org.gradle.internal.dispatch.ContextClassLoaderDispatch.dispatch(ContextClassLoaderDispatch.java:33)
	at org.gradle.internal.dispatch.ProxyDispatchAdapter$DispatchingInvocationHandler.invoke(ProxyDispatchAdapter.java:94)
	at jdk.proxy1/jdk.proxy1.$Proxy2.stop(Unknown Source)
	at org.gradle.api.internal.tasks.testing.worker.TestWorker$3.run(TestWorker.java:193)
	at org.gradle.api.internal.tasks.testing.worker.TestWorker.executeAndMaintainThreadName(TestWorker.java:129)
	at org.gradle.api.internal.tasks.testing.worker.TestWorker.execute(TestWorker.java:100)
	at org.gradle.api.internal.tasks.testing.worker.TestWorker.execute(TestWorker.java:60)
	at org.gradle.process.internal.worker.child.ActionExecutionWorker.execute(ActionExecutionWorker.java:56)
	at org.gradle.process.internal.worker.child.SystemApplicationClassLoaderWorker.call(SystemApplicationClassLoaderWorker.java:133)
	at org.gradle.process.internal.worker.child.SystemApplicationClassLoaderWorker.call(SystemApplicationClassLoaderWorker.java:71)
	at app//worker.org.gradle.process.internal.worker.GradleWorkerMain.run(GradleWorkerMain.java:69)
	at app//worker.org.gradle.process.internal.worker.GradleWorkerMain.main(GradleWorkerMain.java:74)
</failure>
  </testcase>
  <system-out><![CDATA[]]></system-out>
  <system-err><![CDATA[]]></system-err>
</testsuite>
